[2025-12-14 17:55:41] INFO  ApplicationHooks - Scenario started: Verify that the user is navigated to the Data Structures-Introduction page
[2025-12-14 17:55:43] INFO  DashboardSteps - Launching application URL: https://dsportalapp.herokuapp.com/
[2025-12-14 17:55:44] INFO  DashboardSteps - Validating page title. Expected: Login
[2025-12-14 17:55:46] INFO  DashboardSteps - Validating page title. Expected: NumpyNinja
[2025-12-14 17:55:48] INFO  DashboardSteps - Validating page title. Expected: Data Structures-Introduction
[2025-12-14 17:55:48] INFO  ApplicationHooks - Scenario passed: Verify that the user is navigated to the Data Structures-Introduction page
[2025-12-14 17:55:51] INFO  ApplicationHooks - Scenario started: Verify that the user is navigated to the time-complexity page
[2025-12-14 17:55:53] INFO  DashboardSteps - Launching application URL: https://dsportalapp.herokuapp.com/
[2025-12-14 17:55:56] INFO  DashboardSteps - Validating page title. Expected: Login
[2025-12-14 17:55:57] INFO  DashboardSteps - Validating page title. Expected: NumpyNinja
[2025-12-14 17:55:58] INFO  DashboardSteps - Validating page title. Expected: Data Structures-Introduction
[2025-12-14 17:55:59] INFO  DashboardSteps - Validating page title. Expected: Time Complexity
[2025-12-14 17:55:59] INFO  ApplicationHooks - Scenario passed: Verify that the user is navigated to the time-complexity page
[2025-12-14 17:56:01] INFO  ApplicationHooks - Scenario started: Verify that the user is navigated to the try editor page
[2025-12-14 17:56:04] INFO  DashboardSteps - Launching application URL: https://dsportalapp.herokuapp.com/
[2025-12-14 17:56:05] INFO  DashboardSteps - Validating page title. Expected: Login
[2025-12-14 17:56:07] INFO  DashboardSteps - Validating page title. Expected: NumpyNinja
[2025-12-14 17:56:08] INFO  DashboardSteps - Validating page title. Expected: Data Structures-Introduction
[2025-12-14 17:56:10] INFO  DashboardSteps - Validating page title. Expected: Time Complexity
[2025-12-14 17:56:13] INFO  DashboardSteps - Validating page title. Expected: Assessment
[2025-12-14 17:56:13] INFO  DSIntroductionSteps - Validating the current page url,  Expected: https://dsportalapp.herokuapp.com/tryEditor 
[2025-12-14 17:56:13] INFO  ApplicationHooks - Scenario passed: Verify that the user is navigated to the try editor page
[2025-12-14 17:56:14] INFO  ApplicationHooks - Scenario started: Verify that the user is able to see an output for valid python code
[2025-12-14 17:56:16] INFO  DashboardSteps - Launching application URL: https://dsportalapp.herokuapp.com/
[2025-12-14 17:56:18] INFO  DashboardSteps - Validating page title. Expected: Login
[2025-12-14 17:56:20] INFO  DashboardSteps - Validating page title. Expected: NumpyNinja
[2025-12-14 17:56:21] INFO  DashboardSteps - Validating page title. Expected: Data Structures-Introduction
[2025-12-14 17:56:22] INFO  DashboardSteps - Validating page title. Expected: Time Complexity
[2025-12-14 17:56:34] INFO  DashboardSteps - Validating page title. Expected: Assessment
[2025-12-14 17:56:34] INFO  DSIntroductionSteps - Validating the current page url,  Expected: https://dsportalapp.herokuapp.com/tryEditor 
[2025-12-14 17:56:34] INFO  DSIntroductionSteps - Validating try editor output,  Expected: Hello 
[2025-12-14 17:56:34] INFO  ApplicationHooks - Scenario passed: Verify that the user is able to see an output for valid python code
[2025-12-14 17:56:36] INFO  ApplicationHooks - Scenario started: Verify that the popup is displayed with error message for invalid python code with spaces in try editor
[2025-12-14 17:56:38] INFO  DashboardSteps - Launching application URL: https://dsportalapp.herokuapp.com/
[2025-12-14 17:56:40] INFO  DashboardSteps - Validating page title. Expected: Login
[2025-12-14 17:56:41] INFO  DashboardSteps - Validating page title. Expected: NumpyNinja
[2025-12-14 17:56:42] INFO  DashboardSteps - Validating page title. Expected: Data Structures-Introduction
[2025-12-14 17:56:44] INFO  DashboardSteps - Validating page title. Expected: Time Complexity
[2025-12-14 17:56:47] INFO  DashboardSteps - Validating page title. Expected: Assessment
[2025-12-14 17:56:47] INFO  DSIntroductionSteps - Validating the current page url,  Expected: https://dsportalapp.herokuapp.com/tryEditor 
[2025-12-14 17:56:47] INFO  DSIntroductionSteps - User enters python code in try editor,  Expected: print 'Hello' 
[2025-12-14 17:56:47] INFO  DSIntroductionSteps - Validating try editor alert message,  Expected: SyntaxError: bad input on line 1 
[2025-12-14 17:56:47] INFO  ApplicationHooks - Scenario passed: Verify that the popup is displayed with error message for invalid python code with spaces in try editor
[2025-12-14 17:56:49] INFO  ApplicationHooks - Scenario started: Verify that the popup is displayed with error message after entering letters or any characters in try editor
[2025-12-14 17:56:51] INFO  DashboardSteps - Launching application URL: https://dsportalapp.herokuapp.com/
[2025-12-14 17:56:52] INFO  DashboardSteps - Validating page title. Expected: Login
[2025-12-14 17:56:54] INFO  DashboardSteps - Validating page title. Expected: NumpyNinja
[2025-12-14 17:56:55] INFO  DashboardSteps - Validating page title. Expected: Data Structures-Introduction
[2025-12-14 17:56:56] INFO  DashboardSteps - Validating page title. Expected: Time Complexity
[2025-12-14 17:56:59] INFO  DashboardSteps - Validating page title. Expected: Assessment
[2025-12-14 17:56:59] INFO  DSIntroductionSteps - Validating the current page url,  Expected: https://dsportalapp.herokuapp.com/tryEditor 
[2025-12-14 17:56:59] INFO  DSIntroductionSteps - Validating try editor alert message,  Expected: NameError: name 'Hello' is not defined on line 1 
[2025-12-14 17:56:59] INFO  ApplicationHooks - Scenario passed: Verify that the popup is displayed with error message after entering letters or any characters in try editor
[2025-12-14 17:57:01] INFO  ApplicationHooks - Scenario started: Verify that the popup is displayed with error message after entering "$$$$$" in try editor
[2025-12-14 17:57:03] INFO  DashboardSteps - Launching application URL: https://dsportalapp.herokuapp.com/
[2025-12-14 17:57:05] INFO  DashboardSteps - Validating page title. Expected: Login
[2025-12-14 17:57:07] INFO  DashboardSteps - Validating page title. Expected: NumpyNinja
[2025-12-14 17:57:08] INFO  DashboardSteps - Validating page title. Expected: Data Structures-Introduction
[2025-12-14 17:57:09] INFO  DashboardSteps - Validating page title. Expected: Time Complexity
[2025-12-14 17:57:12] INFO  DashboardSteps - Validating page title. Expected: Assessment
[2025-12-14 17:57:12] INFO  DSIntroductionSteps - Validating the current page url,  Expected: https://dsportalapp.herokuapp.com/tryEditor 
[2025-12-14 17:57:12] INFO  DSIntroductionSteps - Validating try editor alert message,  Expected: SyntaxError: bad token T_OP on line 1 
[2025-12-14 17:57:12] INFO  ApplicationHooks - Scenario passed: Verify that the popup is displayed with error message after entering "$$$$$" in try editor
[2025-12-14 17:57:14] INFO  ApplicationHooks - Scenario started: Verify that the popup is displayed with error message after entering "((((((" in try editor
[2025-12-14 17:57:16] INFO  DashboardSteps - Launching application URL: https://dsportalapp.herokuapp.com/
[2025-12-14 17:57:18] INFO  DashboardSteps - Validating page title. Expected: Login
[2025-12-14 17:57:19] INFO  DashboardSteps - Validating page title. Expected: NumpyNinja
[2025-12-14 17:57:20] INFO  DashboardSteps - Validating page title. Expected: Data Structures-Introduction
[2025-12-14 17:57:22] INFO  DashboardSteps - Validating page title. Expected: Time Complexity
[2025-12-14 17:57:25] INFO  DashboardSteps - Validating page title. Expected: Assessment
[2025-12-14 17:57:25] INFO  DSIntroductionSteps - Validating the current page url,  Expected: https://dsportalapp.herokuapp.com/tryEditor 
[2025-12-14 17:57:25] INFO  DSIntroductionSteps - Validating try editor alert message,  Expected: SyntaxError: EOF in multi-line statement on line 2 
[2025-12-14 17:57:25] INFO  ApplicationHooks - Scenario passed: Verify that the popup is displayed with error message after entering "((((((" in try editor
[2025-12-14 17:57:27] INFO  ApplicationHooks - Scenario started: Verify that the user is not able to see output after entering "12345" in try editor
[2025-12-14 17:57:29] INFO  DashboardSteps - Launching application URL: https://dsportalapp.herokuapp.com/
[2025-12-14 17:57:31] INFO  DashboardSteps - Validating page title. Expected: Login
[2025-12-14 17:57:32] INFO  DashboardSteps - Validating page title. Expected: NumpyNinja
[2025-12-14 17:57:33] INFO  DashboardSteps - Validating page title. Expected: Data Structures-Introduction
[2025-12-14 17:57:34] INFO  DashboardSteps - Validating page title. Expected: Time Complexity
[2025-12-14 17:57:37] INFO  DashboardSteps - Validating page title. Expected: Assessment
[2025-12-14 17:57:37] INFO  DSIntroductionSteps - Validating the current page url,  Expected: https://dsportalapp.herokuapp.com/tryEditor 
[2025-12-14 17:57:38] INFO  ApplicationHooks - Scenario passed: Verify that the user is not able to see output after entering "12345" in try editor
[2025-12-14 17:57:39] INFO  ApplicationHooks - Scenario started: Verify that the user is not able to see output without entering code in the try editor
[2025-12-14 17:57:41] INFO  DashboardSteps - Launching application URL: https://dsportalapp.herokuapp.com/
[2025-12-14 17:57:43] INFO  DashboardSteps - Validating page title. Expected: Login
[2025-12-14 17:57:45] INFO  DashboardSteps - Validating page title. Expected: NumpyNinja
[2025-12-14 17:57:46] INFO  DashboardSteps - Validating page title. Expected: Data Structures-Introduction
[2025-12-14 17:57:47] INFO  DashboardSteps - Validating page title. Expected: Time Complexity
[2025-12-14 17:57:50] INFO  DashboardSteps - Validating page title. Expected: Assessment
[2025-12-14 17:57:50] INFO  DSIntroductionSteps - Validating the current page url,  Expected: https://dsportalapp.herokuapp.com/tryEditor 
[2025-12-14 17:57:50] INFO  ApplicationHooks - Scenario passed: Verify that the user is not able to see output without entering code in the try editor
[2025-12-14 17:57:52] INFO  ApplicationHooks - Scenario started: Verify that the user is navigated to the Practice page url
[2025-12-14 17:57:54] INFO  DashboardSteps - Launching application URL: https://dsportalapp.herokuapp.com/
[2025-12-14 17:57:55] INFO  DashboardSteps - Validating page title. Expected: Login
[2025-12-14 17:57:57] INFO  DashboardSteps - Validating page title. Expected: NumpyNinja
[2025-12-14 17:57:58] INFO  DashboardSteps - Validating page title. Expected: Data Structures-Introduction
[2025-12-14 17:57:59] INFO  DashboardSteps - Validating page title. Expected: Time Complexity
[2025-12-14 17:58:00] INFO  DashboardSteps - Validating page title. Expected: Practice Questions
[2025-12-14 17:58:01] INFO  DSIntroductionSteps - Validating the current page url,  Expected: https://dsportalapp.herokuapp.com/data-structures-introduction/practice 
[2025-12-14 17:58:02] INFO  LoginSteps - Validating the log out message,  Expected: Logged out successfully 
[2025-12-14 17:58:02] INFO  ApplicationHooks - Scenario passed: Verify that the user is navigated to the Practice page url
[2025-12-14 17:58:04] INFO  ApplicationHooks - Scenario started: Verify that the user opens the DsAlgo portal
[2025-12-14 17:58:09] INFO  DashboardSteps - Launching application URL: https://dsportalapp.herokuapp.com/
[2025-12-14 17:58:09] INFO  DashboardSteps - Validating page title. Expected: Numpy Ninja
[2025-12-14 17:58:09] INFO  ApplicationHooks - Scenario passed: Verify that the user opens the DsAlgo portal
[2025-12-14 17:58:11] INFO  ApplicationHooks - Scenario started: Verify the Dashboard page text in the DsAlgo portal
[2025-12-14 17:58:12] INFO  DashboardSteps - Launching application URL: https://dsportalapp.herokuapp.com/
[2025-12-14 17:58:13] INFO  DashboardSteps - Validating the DS Algo portal - Text. Expected: Preparing for the Interviews
[2025-12-14 17:58:13] INFO  ApplicationHooks - Scenario passed: Verify the Dashboard page text in the DsAlgo portal
[2025-12-14 17:58:15] INFO  ApplicationHooks - Scenario started: Verify the Get Started button in the DsAlgo portal
[2025-12-14 17:58:17] INFO  DashboardSteps - Launching application URL: https://dsportalapp.herokuapp.com/
[2025-12-14 17:58:17] INFO  DashboardSteps - Validating the DS Algo portal - get started button. Expected: Get Started
[2025-12-14 17:58:17] INFO  ApplicationHooks - Scenario passed: Verify the Get Started button in the DsAlgo portal
[2025-12-14 17:58:20] INFO  ApplicationHooks - Scenario started: Verify that the NumpyNinja is displayed after clicking on the Get Started button of DsAlgo portal
[2025-12-14 17:58:22] INFO  DashboardSteps - Launching application URL: https://dsportalapp.herokuapp.com/
[2025-12-14 17:58:23] INFO  DashboardSteps - Validating the NumbyNinja Logo. Expected: NumpyNinja
[2025-12-14 17:58:23] INFO  ApplicationHooks - Scenario passed: Verify that the NumpyNinja is displayed after clicking on the Get Started button of DsAlgo portal
[2025-12-14 17:58:25] INFO  ApplicationHooks - Scenario started: Verify that the DataStructures-dropdown is displayed after clicking on the Get Started button of DsAlgo portal
[2025-12-14 17:58:27] INFO  DashboardSteps - Launching application URL: https://dsportalapp.herokuapp.com/
[2025-12-14 17:58:29] INFO  DashboardSteps - Validating the DataStructures- dropdown options. Expected: [Arrays, Linked List, Stack, Queue, Tree, Graph]
[2025-12-14 17:58:29] INFO  ApplicationHooks - Scenario passed: Verify that the DataStructures-dropdown is displayed after clicking on the Get Started button of DsAlgo portal
[2025-12-14 17:58:35] INFO  ApplicationHooks - Scenario started: Verify that the Register link is displayed after clicking on the Get Started button of DsAlgo portal
[2025-12-14 17:58:37] INFO  DashboardSteps - Launching application URL: https://dsportalapp.herokuapp.com/
[2025-12-14 17:58:37] INFO  DashboardSteps - Validating the RegisterLink Text Expected: Register
[2025-12-14 17:58:37] INFO  ApplicationHooks - Scenario passed: Verify that the Register link is displayed after clicking on the Get Started button of DsAlgo portal
[2025-12-14 17:58:39] INFO  ApplicationHooks - Scenario started: Verify that the Sign in link is displayed after clicking on the "Get Started" button of DsAlgo portal
[2025-12-14 17:58:41] INFO  DashboardSteps - Launching application URL: https://dsportalapp.herokuapp.com/
[2025-12-14 17:58:42] INFO  DashboardSteps - Validating the SignInLink Text Expected: Sign in
[2025-12-14 17:58:42] INFO  ApplicationHooks - Scenario passed: Verify that the Sign in link is displayed after clicking on the "Get Started" button of DsAlgo portal
[2025-12-14 17:58:44] INFO  ApplicationHooks - Scenario started: Verify that the DataStructures - Introduction Module with Get Started button is displayed after clicking on the Get Started button of DsAlgo portal
[2025-12-14 17:58:46] INFO  DashboardSteps - Launching application URL: https://dsportalapp.herokuapp.com/
[2025-12-14 17:58:47] INFO  DashboardSteps - Validating the Data structures introduction module label. Expected: Data Structures-Introduction
[2025-12-14 17:58:47] INFO  DashboardSteps - Validating the Data structures introduction module label with get started button text. Expected: Get Started
[2025-12-14 17:58:47] INFO  ApplicationHooks - Scenario passed: Verify that the DataStructures - Introduction Module with Get Started button is displayed after clicking on the Get Started button of DsAlgo portal
[2025-12-14 17:58:49] INFO  ApplicationHooks - Scenario started: Verify that the Array Module with Get Started button is displayed after clicking on the Get Started button of DsAlgo portal
[2025-12-14 17:58:51] INFO  DashboardSteps - Launching application URL: https://dsportalapp.herokuapp.com/
[2025-12-14 17:58:52] INFO  DashboardSteps - Validating the Data structures introduction module label. Expected: Array
[2025-12-14 17:58:52] INFO  DashboardSteps - Validating the Data structures introduction module label with get started button text. Expected: Get Started
[2025-12-14 17:58:52] INFO  ApplicationHooks - Scenario passed: Verify that the Array Module with Get Started button is displayed after clicking on the Get Started button of DsAlgo portal
[2025-12-14 17:58:54] INFO  ApplicationHooks - Scenario started: Verify that the Linked List Module with Get Started button is displayed after clicking on the Get Started button of DsAlgo portal
[2025-12-14 17:58:56] INFO  DashboardSteps - Launching application URL: https://dsportalapp.herokuapp.com/
[2025-12-14 17:58:57] INFO  DashboardSteps - Validating the Data structures introduction module label. Expected: Linked List
[2025-12-14 17:58:57] INFO  DashboardSteps - Validating the Data structures introduction module label with get started button text. Expected: Get Started
[2025-12-14 17:58:57] INFO  ApplicationHooks - Scenario passed: Verify that the Linked List Module with Get Started button is displayed after clicking on the Get Started button of DsAlgo portal
[2025-12-14 17:58:59] INFO  ApplicationHooks - Scenario started: Verify that the Stack Module with Get Started button is displayed after clicking on the Get Started button of DsAlgo portal
[2025-12-14 17:59:06] INFO  DashboardSteps - Launching application URL: https://dsportalapp.herokuapp.com/
[2025-12-14 17:59:08] INFO  DashboardSteps - Validating the Data structures introduction module label. Expected: Stack
[2025-12-14 17:59:08] INFO  DashboardSteps - Validating the Data structures introduction module label with get started button text. Expected: Get Started
[2025-12-14 17:59:08] INFO  ApplicationHooks - Scenario passed: Verify that the Stack Module with Get Started button is displayed after clicking on the Get Started button of DsAlgo portal
[2025-12-14 17:59:09] INFO  ApplicationHooks - Scenario started: Verify that the Queue Module with Get Started button is displayed after clicking on the Get Started button of DsAlgo portal
[2025-12-14 17:59:11] INFO  DashboardSteps - Launching application URL: https://dsportalapp.herokuapp.com/
[2025-12-14 17:59:12] INFO  DashboardSteps - Validating the Data structures introduction module label. Expected: Queue
[2025-12-14 17:59:12] INFO  DashboardSteps - Validating the Data structures introduction module label with get started button text. Expected: Get Started
[2025-12-14 17:59:12] INFO  ApplicationHooks - Scenario passed: Verify that the Queue Module with Get Started button is displayed after clicking on the Get Started button of DsAlgo portal
[2025-12-14 17:59:14] INFO  ApplicationHooks - Scenario started: Verify that the Tree Module with Get Started button is displayed after clicking on the Get Started button of DsAlgo portal
[2025-12-14 17:59:16] INFO  DashboardSteps - Launching application URL: https://dsportalapp.herokuapp.com/
[2025-12-14 17:59:17] INFO  DashboardSteps - Validating the Data structures introduction module label. Expected: Tree
[2025-12-14 17:59:17] INFO  DashboardSteps - Validating the Data structures introduction module label with get started button text. Expected: Get Started
[2025-12-14 17:59:17] INFO  ApplicationHooks - Scenario passed: Verify that the Tree Module with Get Started button is displayed after clicking on the Get Started button of DsAlgo portal
[2025-12-14 17:59:20] INFO  ApplicationHooks - Scenario started: Verify that the Graph Module with Get Started button is displayed after clicking on the Get Started button of DsAlgo portal
[2025-12-14 17:59:21] INFO  DashboardSteps - Launching application URL: https://dsportalapp.herokuapp.com/
[2025-12-14 17:59:22] INFO  DashboardSteps - Validating the Data structures introduction module label. Expected: Graph
[2025-12-14 17:59:22] INFO  DashboardSteps - Validating the Data structures introduction module label with get started button text. Expected: Get Started
[2025-12-14 17:59:22] INFO  ApplicationHooks - Scenario passed: Verify that the Graph Module with Get Started button is displayed after clicking on the Get Started button of DsAlgo portal
[2025-12-14 17:59:25] INFO  ApplicationHooks - Scenario started: Verify that the warning message is displayed when selecting Arrays option from the Data Structures dropdown without signin
[2025-12-14 17:59:27] INFO  DashboardSteps - Launching application URL: https://dsportalapp.herokuapp.com/
[2025-12-14 17:59:28] INFO  DashboardSteps - Validating page title. Expected: NumpyNinja
[2025-12-14 17:59:29] INFO  HomeSteps - User clicks on dropdown option. Expected option: Arrays 
[2025-12-14 17:59:29] INFO  HomeSteps - Validating warning message. Expected: You are not logged in 
[2025-12-14 17:59:29] INFO  ApplicationHooks - Scenario passed: Verify that the warning message is displayed when selecting Arrays option from the Data Structures dropdown without signin
[2025-12-14 17:59:31] INFO  ApplicationHooks - Scenario started: Verify that the warning message is displayed when selecting Linked List option from the Data Structures dropdown without signin
[2025-12-14 17:59:33] INFO  DashboardSteps - Launching application URL: https://dsportalapp.herokuapp.com/
[2025-12-14 17:59:34] INFO  DashboardSteps - Validating page title. Expected: NumpyNinja
[2025-12-14 17:59:35] INFO  HomeSteps - User clicks on dropdown option. Expected option: Linked List 
[2025-12-14 17:59:35] INFO  HomeSteps - Validating warning message. Expected: You are not logged in 
[2025-12-14 17:59:35] INFO  ApplicationHooks - Scenario passed: Verify that the warning message is displayed when selecting Linked List option from the Data Structures dropdown without signin
[2025-12-14 17:59:38] INFO  ApplicationHooks - Scenario started: Verify that the warning message is displayed when selecting Stack option from the Data Structures dropdown without signin
[2025-12-14 17:59:39] INFO  DashboardSteps - Launching application URL: https://dsportalapp.herokuapp.com/
[2025-12-14 17:59:40] INFO  DashboardSteps - Validating page title. Expected: NumpyNinja
[2025-12-14 17:59:42] INFO  HomeSteps - User clicks on dropdown option. Expected option: Stack 
[2025-12-14 17:59:42] INFO  HomeSteps - Validating warning message. Expected: You are not logged in 
[2025-12-14 17:59:42] INFO  ApplicationHooks - Scenario passed: Verify that the warning message is displayed when selecting Stack option from the Data Structures dropdown without signin
[2025-12-14 17:59:44] INFO  ApplicationHooks - Scenario started: Verify that the warning message is displayed when selecting Queue option from the Data Structures dropdown without signin
[2025-12-14 17:59:46] INFO  DashboardSteps - Launching application URL: https://dsportalapp.herokuapp.com/
[2025-12-14 17:59:47] INFO  DashboardSteps - Validating page title. Expected: NumpyNinja
[2025-12-14 17:59:49] INFO  HomeSteps - User clicks on dropdown option. Expected option: Queue 
[2025-12-14 17:59:49] INFO  HomeSteps - Validating warning message. Expected: You are not logged in 
[2025-12-14 17:59:49] INFO  ApplicationHooks - Scenario passed: Verify that the warning message is displayed when selecting Queue option from the Data Structures dropdown without signin
[2025-12-14 17:59:55] INFO  ApplicationHooks - Scenario started: Verify that the warning message is displayed when selecting Tree option from the Data Structures dropdown without signin
[2025-12-14 17:59:57] INFO  DashboardSteps - Launching application URL: https://dsportalapp.herokuapp.com/
[2025-12-14 17:59:58] INFO  DashboardSteps - Validating page title. Expected: NumpyNinja
[2025-12-14 17:59:59] INFO  HomeSteps - User clicks on dropdown option. Expected option: Tree 
[2025-12-14 17:59:59] INFO  HomeSteps - Validating warning message. Expected: You are not logged in 
[2025-12-14 17:59:59] INFO  ApplicationHooks - Scenario passed: Verify that the warning message is displayed when selecting Tree option from the Data Structures dropdown without signin
[2025-12-14 18:00:01] INFO  ApplicationHooks - Scenario started: Verify that the warning message is displayed when selecting Graph option from the Data Structures dropdown without signin
[2025-12-14 18:00:03] INFO  DashboardSteps - Launching application URL: https://dsportalapp.herokuapp.com/
[2025-12-14 18:00:04] INFO  DashboardSteps - Validating page title. Expected: NumpyNinja
[2025-12-14 18:00:06] INFO  HomeSteps - User clicks on dropdown option. Expected option: Graph 
[2025-12-14 18:00:06] INFO  HomeSteps - Validating warning message. Expected: You are not logged in 
[2025-12-14 18:00:06] INFO  ApplicationHooks - Scenario passed: Verify that the warning message is displayed when selecting Graph option from the Data Structures dropdown without signin
[2025-12-14 18:00:08] INFO  ApplicationHooks - Scenario started: Verify that the warning message is displayed when user clicks on Get Started button of Data Structures - Introduction module without signin
[2025-12-14 18:00:10] INFO  DashboardSteps - Launching application URL: https://dsportalapp.herokuapp.com/
[2025-12-14 18:00:11] INFO  DashboardSteps - Validating page title. Expected: NumpyNinja
[2025-12-14 18:00:13] INFO  HomeSteps - Validating warning message. Expected: You are not logged in 
[2025-12-14 18:00:13] INFO  ApplicationHooks - Scenario passed: Verify that the warning message is displayed when user clicks on Get Started button of Data Structures - Introduction module without signin
[2025-12-14 18:00:15] INFO  ApplicationHooks - Scenario started: Verify that the warning message is displayed when user clicks on Get Started button of Array module without signin
[2025-12-14 18:00:17] INFO  DashboardSteps - Launching application URL: https://dsportalapp.herokuapp.com/
[2025-12-14 18:00:18] INFO  DashboardSteps - Validating page title. Expected: NumpyNinja
[2025-12-14 18:00:19] INFO  HomeSteps - Validating warning message. Expected: You are not logged in 
[2025-12-14 18:00:19] INFO  ApplicationHooks - Scenario passed: Verify that the warning message is displayed when user clicks on Get Started button of Array module without signin
[2025-12-14 18:00:21] INFO  ApplicationHooks - Scenario started: Verify that the warning message is displayed when user clicks on Get Started button of Linked List module without signin
[2025-12-14 18:00:23] INFO  DashboardSteps - Launching application URL: https://dsportalapp.herokuapp.com/
[2025-12-14 18:00:24] INFO  DashboardSteps - Validating page title. Expected: NumpyNinja
[2025-12-14 18:00:26] INFO  HomeSteps - Validating warning message. Expected: You are not logged in 
[2025-12-14 18:00:26] INFO  ApplicationHooks - Scenario passed: Verify that the warning message is displayed when user clicks on Get Started button of Linked List module without signin
[2025-12-14 18:00:28] INFO  ApplicationHooks - Scenario started: Verify that the warning message is displayed when user clicks on Get Started button of Stack module without signin
[2025-12-14 18:00:30] INFO  DashboardSteps - Launching application URL: https://dsportalapp.herokuapp.com/
[2025-12-14 18:00:31] INFO  DashboardSteps - Validating page title. Expected: NumpyNinja
[2025-12-14 18:00:33] INFO  HomeSteps - Validating warning message. Expected: You are not logged in 
[2025-12-14 18:00:33] INFO  ApplicationHooks - Scenario passed: Verify that the warning message is displayed when user clicks on Get Started button of Stack module without signin
[2025-12-14 18:00:34] INFO  ApplicationHooks - Scenario started: Verify that the warning message is displayed when user clicks on Get Started button of Queue module without signin
[2025-12-14 18:00:36] INFO  DashboardSteps - Launching application URL: https://dsportalapp.herokuapp.com/
[2025-12-14 18:00:37] INFO  DashboardSteps - Validating page title. Expected: NumpyNinja
[2025-12-14 18:00:39] INFO  HomeSteps - Validating warning message. Expected: You are not logged in 
[2025-12-14 18:00:39] INFO  ApplicationHooks - Scenario passed: Verify that the warning message is displayed when user clicks on Get Started button of Queue module without signin
[2025-12-14 18:00:41] INFO  ApplicationHooks - Scenario started: Verify that the warning message is displayed when user clicks on Get Started button of Tree module without signin
[2025-12-14 18:00:43] INFO  DashboardSteps - Launching application URL: https://dsportalapp.herokuapp.com/
[2025-12-14 18:00:44] INFO  DashboardSteps - Validating page title. Expected: NumpyNinja
[2025-12-14 18:00:45] INFO  HomeSteps - Validating warning message. Expected: You are not logged in 
[2025-12-14 18:00:45] INFO  ApplicationHooks - Scenario passed: Verify that the warning message is displayed when user clicks on Get Started button of Tree module without signin
[2025-12-14 18:00:47] INFO  ApplicationHooks - Scenario started: Verify that the warning message is displayed when user clicks on Get Started button of Graph module without signin
[2025-12-14 18:00:49] INFO  DashboardSteps - Launching application URL: https://dsportalapp.herokuapp.com/
[2025-12-14 18:00:50] INFO  DashboardSteps - Validating page title. Expected: NumpyNinja
[2025-12-14 18:00:51] INFO  HomeSteps - Validating warning message. Expected: You are not logged in 
[2025-12-14 18:00:51] INFO  ApplicationHooks - Scenario passed: Verify that the warning message is displayed when user clicks on Get Started button of Graph module without signin
[2025-12-14 18:00:54] INFO  ApplicationHooks - Scenario started: Verify that the user can able to logged in successfully after entering valid username and password
[2025-12-14 18:00:55] INFO  DashboardSteps - Launching application URL: https://dsportalapp.herokuapp.com/
[2025-12-14 18:00:57] INFO  DashboardSteps - Validating page title. Expected: Login
[2025-12-14 18:00:59] INFO  DashboardSteps - Validating page title. Expected: NumpyNinja
[2025-12-14 18:00:59] INFO  LoginSteps - Validating the logged in success message,  Expected: You are logged in 
[2025-12-14 18:00:59] INFO  LoginSteps - Validating the username present in the top right corner,  Expected: sgs123@gmail.com 
[2025-12-14 18:01:00] INFO  LoginSteps - Validating the log out message,  Expected: Logged out successfully 
[2025-12-14 18:01:00] INFO  ApplicationHooks - Scenario passed: Verify that the user can able to logged in successfully after entering valid username and password
[2025-12-14 18:01:02] INFO  ApplicationHooks - Scenario started: Verify that the error message is displayed when the user enters an invalid username and password
[2025-12-14 18:01:04] INFO  DashboardSteps - Launching application URL: https://dsportalapp.herokuapp.com/
[2025-12-14 18:01:05] INFO  DashboardSteps - Validating page title. Expected: Login
[2025-12-14 18:01:07] INFO  LoginSteps - Validating the Error message Expected: Invalid Username and Password 
[2025-12-14 18:01:07] INFO  ApplicationHooks - Scenario passed: Verify that the error message is displayed when the user enters an invalid username and password
[2025-12-14 18:01:09] INFO  ApplicationHooks - Scenario started: Verify that the tooltip message is displayed when user clicks on Login button by leaving Username and Password fields empty
[2025-12-14 18:01:12] INFO  DashboardSteps - Launching application URL: https://dsportalapp.herokuapp.com/
[2025-12-14 18:01:14] INFO  DashboardSteps - Validating page title. Expected: Login
[2025-12-14 18:01:14] INFO  RegistrationSteps - Validating the tooltip message Expected: Please fill out this field. 
[2025-12-14 18:01:14] INFO  ApplicationHooks - Scenario passed: Verify that the tooltip message is displayed when user clicks on Login button by leaving Username and Password fields empty
[2025-12-14 18:01:16] INFO  ApplicationHooks - Scenario started: Verify that the tooltip message is displayed when user clicks on Login button after entering Username field and leaving Password field empty
[2025-12-14 18:01:18] INFO  DashboardSteps - Launching application URL: https://dsportalapp.herokuapp.com/
[2025-12-14 18:01:20] INFO  DashboardSteps - Validating page title. Expected: Login
[2025-12-14 18:01:21] INFO  LoginSteps - Validating the tooltip message Expected: Please fill out this field. 
[2025-12-14 18:01:21] INFO  ApplicationHooks - Scenario passed: Verify that the tooltip message is displayed when user clicks on Login button after entering Username field and leaving Password field empty
[2025-12-14 18:01:23] INFO  ApplicationHooks - Scenario started: Verify that the tooltip message is displayed when user clicks on Login button after entering valid Username field and invalid Password field
[2025-12-14 18:01:24] INFO  DashboardSteps - Launching application URL: https://dsportalapp.herokuapp.com/
[2025-12-14 18:01:27] INFO  DashboardSteps - Validating page title. Expected: Login
[2025-12-14 18:01:28] INFO  LoginSteps - Validating the Error message Expected: Invalid Username and Password 
[2025-12-14 18:01:28] INFO  ApplicationHooks - Scenario passed: Verify that the tooltip message is displayed when user clicks on Login button after entering valid Username field and invalid Password field
[2025-12-14 18:01:30] INFO  ApplicationHooks - Scenario started: Verify that the tooltip message is displayed when user clicks on Login button after entering invalid Username field and valid Password field
[2025-12-14 18:01:32] INFO  DashboardSteps - Launching application URL: https://dsportalapp.herokuapp.com/
[2025-12-14 18:01:33] INFO  DashboardSteps - Validating page title. Expected: Login
[2025-12-14 18:01:34] INFO  LoginSteps - Validating the Error message Expected: Invalid Username and Password 
[2025-12-14 18:01:34] INFO  ApplicationHooks - Scenario passed: Verify that the tooltip message is displayed when user clicks on Login button after entering invalid Username field and valid Password field
[2025-12-14 18:01:37] INFO  ApplicationHooks - Scenario started: Verify that the user navigates to the Register page from Login page
[2025-12-14 18:01:39] INFO  DashboardSteps - Launching application URL: https://dsportalapp.herokuapp.com/
[2025-12-14 18:01:41] INFO  DashboardSteps - Validating page title. Expected: Login
[2025-12-14 18:01:42] INFO  DashboardSteps - Validating page title. Expected: Registration
[2025-12-14 18:01:42] INFO  ApplicationHooks - Scenario passed: Verify that the user navigates to the Register page from Login page
[2025-12-14 18:01:44] INFO  ApplicationHooks - Scenario started: Verify that the tooltip message is displayed when user clicks on Register button by leaving all the fields empty
[2025-12-14 18:01:46] INFO  DashboardSteps - Launching application URL: https://dsportalapp.herokuapp.com/
[2025-12-14 18:01:47] INFO  DashboardSteps - Validating page title. Expected: Registration
[2025-12-14 18:01:48] INFO  RegistrationSteps - Validating the tooltip message Expected: Please fill out this field. 
[2025-12-14 18:01:48] INFO  ApplicationHooks - Scenario passed: Verify that the tooltip message is displayed when user clicks on Register button by leaving all the fields empty
[2025-12-14 18:01:50] INFO  ApplicationHooks - Scenario started: Verify that the tooltip message is displayed when user clicks on Register button after entering Username field and leaving other fields empty
[2025-12-14 18:01:52] INFO  DashboardSteps - Launching application URL: https://dsportalapp.herokuapp.com/
[2025-12-14 18:01:54] INFO  DashboardSteps - Validating page title. Expected: Registration
[2025-12-14 18:01:54] INFO  RegistrationSteps - Validating the tooltip message Expected: Please fill out this field. 
[2025-12-14 18:01:54] INFO  ApplicationHooks - Scenario passed: Verify that the tooltip message is displayed when user clicks on Register button after entering Username field and leaving other fields empty
[2025-12-14 18:01:57] INFO  ApplicationHooks - Scenario started: Verify that the tooltip message is displayed when user clicks on Register button after entering Username field and Password field by leaving Password confirmation field empty
[2025-12-14 18:01:59] INFO  DashboardSteps - Launching application URL: https://dsportalapp.herokuapp.com/
[2025-12-14 18:02:00] INFO  DashboardSteps - Validating page title. Expected: Registration
[2025-12-14 18:02:01] INFO  RegistrationSteps - Validating the tooltip message Expected: Please fill out this field. 
[2025-12-14 18:02:01] INFO  ApplicationHooks - Scenario passed: Verify that the tooltip message is displayed when user clicks on Register button after entering Username field and Password field by leaving Password confirmation field empty
[2025-12-14 18:02:03] INFO  ApplicationHooks - Scenario started: Verify that the error message is displayed when user clicks on Register button after entering mismatched passwords in the password and password confirmation fields
[2025-12-14 18:02:05] INFO  DashboardSteps - Launching application URL: https://dsportalapp.herokuapp.com/
[2025-12-14 18:02:06] INFO  DashboardSteps - Validating page title. Expected: Registration
[2025-12-14 18:02:07] INFO  LoginSteps - Validating the Error message Expected: password_mismatch:The two password fields didn’t match. 
[2025-12-14 18:02:07] INFO  ApplicationHooks - Scenario passed: Verify that the error message is displayed when user clicks on Register button after entering mismatched passwords in the password and password confirmation fields
[2025-12-14 18:02:10] INFO  ApplicationHooks - Scenario started: Verify that the error message is displayed when user clicks on Register button after entering invalid values in Username field with matched password and password confirmation values
[2025-12-14 18:02:11] INFO  DashboardSteps - Launching application URL: https://dsportalapp.herokuapp.com/
[2025-12-14 18:02:13] INFO  DashboardSteps - Validating page title. Expected: Registration
[2025-12-14 18:02:14] INFO  LoginSteps - Validating the Error message Expected: password_mismatch:The two password fields didn’t match. 
[2025-12-14 18:02:14] INFO  ApplicationHooks - Scenario passed: Verify that the error message is displayed when user clicks on Register button after entering invalid values in Username field with matched password and password confirmation values
[2025-12-14 18:02:17] INFO  ApplicationHooks - Scenario started: Verify that the error message is displayed when user clicks on Register button after entering invalid values in Username field with matched password and password confirmation values
[2025-12-14 18:02:19] INFO  DashboardSteps - Launching application URL: https://dsportalapp.herokuapp.com/
[2025-12-14 18:02:21] INFO  DashboardSteps - Validating page title. Expected: Registration
[2025-12-14 18:02:22] INFO  LoginSteps - Validating the Error message Expected: password_mismatch:The two password fields didn’t match. 
[2025-12-14 18:02:22] INFO  ApplicationHooks - Scenario passed: Verify that the error message is displayed when user clicks on Register button after entering invalid values in Username field with matched password and password confirmation values
[2025-12-14 18:02:24] INFO  ApplicationHooks - Scenario started: Verify that the error message is displayed when user clicks on Register button after entering invalid values in Username field with matched password and password confirmation values
[2025-12-14 18:02:26] INFO  DashboardSteps - Launching application URL: https://dsportalapp.herokuapp.com/
[2025-12-14 18:02:28] INFO  DashboardSteps - Validating page title. Expected: Registration
[2025-12-14 18:02:28] INFO  LoginSteps - Validating the Error message Expected: password_mismatch:The two password fields didn’t match. 
[2025-12-14 18:02:28] INFO  ApplicationHooks - Scenario passed: Verify that the error message is displayed when user clicks on Register button after entering invalid values in Username field with matched password and password confirmation values
[2025-12-14 18:02:31] INFO  ApplicationHooks - Scenario started: Verify that the error message is displayed when user clicks on Register button after entering invalid values in Username field with matched password and password confirmation values
[2025-12-14 18:02:33] INFO  DashboardSteps - Launching application URL: https://dsportalapp.herokuapp.com/
[2025-12-14 18:02:35] INFO  DashboardSteps - Validating page title. Expected: Registration
[2025-12-14 18:02:36] INFO  LoginSteps - Validating the Error message Expected: password_mismatch:The two password fields didn’t match. 
[2025-12-14 18:02:36] INFO  ApplicationHooks - Scenario passed: Verify that the error message is displayed when user clicks on Register button after entering invalid values in Username field with matched password and password confirmation values
[2025-12-14 18:02:39] INFO  ApplicationHooks - Scenario started: Verify that the user can able to create a new account successfully after entering valid Username,Password and Password Confirmation
[2025-12-14 18:02:40] INFO  DashboardSteps - Launching application URL: https://dsportalapp.herokuapp.com/
[2025-12-14 18:02:42] INFO  DashboardSteps - Validating page title. Expected: Registration
[2025-12-14 18:02:42] INFO  RegistrationSteps - Username enters criselda.zemlak@gmail.com
[2025-12-14 18:02:44] INFO  RegistrationSteps - Validating the success message Expected: New Account Created. You are logged in as criselda.zemlak@gmail.com 
[2025-12-14 18:02:44] INFO  ApplicationHooks - Scenario passed: Verify that the user can able to create a new account successfully after entering valid Username,Password and Password Confirmation
[2025-12-14 18:02:46] INFO  ApplicationHooks - Scenario started: Verify that the user navigates to Login page from Register Page
[2025-12-14 18:02:48] INFO  DashboardSteps - Launching application URL: https://dsportalapp.herokuapp.com/
[2025-12-14 18:02:50] INFO  DashboardSteps - Validating page title. Expected: Registration
[2025-12-14 18:02:51] INFO  DashboardSteps - Validating page title. Expected: Login
[2025-12-14 18:02:51] INFO  ApplicationHooks - Scenario passed: Verify that the user navigates to Login page from Register Page
